This is pdfTeX, Version 3.14159265-2.6-1.40.16 (MiKTeX 2.9) (preloaded format=pdflatex 2015.9.2)  2 SEP 2015 18:45
entering extended mode
**C:/Users/MrT/Documents/GitHub/SharkDeveloperGuide/latexSources/profile.tex
(C:/Users/MrT/Documents/GitHub/SharkDeveloperGuide/latexSources/profile.tex
LaTeX2e <2015/01/01> patch level 2
Babel <3.9m> and hyphenation patterns for 69 languages loaded.
("C:\Program Files\MiKTeX\tex\latex\base\article.cls"
Document Class: article 2014/09/29 v1.4h Standard LaTeX document class
("C:\Program Files\MiKTeX\tex\latex\base\size12.clo"
File: size12.clo 2014/09/29 v1.4h Standard LaTeX file (size option)
)
\c@part=\count79
\c@section=\count80
\c@subsection=\count81
\c@subsubsection=\count82
\c@paragraph=\count83
\c@subparagraph=\count84
\c@figure=\count85
\c@table=\count86
\abovecaptionskip=\skip41
\belowcaptionskip=\skip42
\bibindent=\dimen102
) (profile.aux)
LaTeX Font Info:    Checking defaults for OML/cmm/m/it on input line 2.
LaTeX Font Info:    ... okay on input line 2.
LaTeX Font Info:    Checking defaults for T1/cmr/m/n on input line 2.
LaTeX Font Info:    ... okay on input line 2.
LaTeX Font Info:    Checking defaults for OT1/cmr/m/n on input line 2.
LaTeX Font Info:    ... okay on input line 2.
LaTeX Font Info:    Checking defaults for OMS/cmsy/m/n on input line 2.
LaTeX Font Info:    ... okay on input line 2.
LaTeX Font Info:    Checking defaults for OMX/cmex/m/n on input line 2.
LaTeX Font Info:    ... okay on input line 2.
LaTeX Font Info:    Checking defaults for U/cmr/m/n on input line 2.
LaTeX Font Info:    ... okay on input line 2.
LaTeX Font Info:    External font `cmex10' loaded for size
(Font)              <14.4> on input line 4.
LaTeX Font Info:    External font `cmex10' loaded for size
(Font)              <7> on input line 4.


LaTeX Warning: No \author given.

[1

{C:/Users/MrT/AppData/Local/MiKTeX/2.9/pdftex/config/pdftex.map}]
Overfull \hbox (36.07521pt too wide) in paragraph at lines 58--58
[]    \OT1/cmtt/m/n/12 private String[] aliceAddresses = {"mail://alice@wonderl
and.net",[] 
 []


Overfull \hbox (66.95023pt too wide) in paragraph at lines 58--58
[]    \OT1/cmtt/m/n/12 private String[] aliceSis = {"http://www.sharksystem.net
/alice.html"};[] 
 []


Overfull \hbox (11.3752pt too wide) in paragraph at lines 58--58
[]    \OT1/cmtt/m/n/12 public Profile createProfileAlice() throws SharkKBExcept
ion {[] 
 []


Overfull \hbox (54.60022pt too wide) in paragraph at lines 58--58
[]      \OT1/cmtt/m/n/12 Profile aliceProfile = profileFactory.createProfile(al
ice, alice);[] 
 []

[2]
Overfull \hbox (23.7252pt too wide) in paragraph at lines 67--67
[]  \OT1/cmtt/m/n/12 setPicture(byte[] content, String contentType, String iden
tifier)[] 
 []


Overfull \hbox (29.9002pt too wide) in paragraph at lines 110--110
[]    \OT1/cmtt/m/n/12 public static void main(String[] args) throws SharkKBExc
eption {[] 
 []


Overfull \hbox (11.3752pt too wide) in paragraph at lines 110--110
[]      \OT1/cmtt/m/n/12 ProfileFactory profileFactory = new ProfileFactoryImpl
(kb);[] 
 []

[3]
Overfull \hbox (73.12523pt too wide) in paragraph at lines 110--110
[]      \OT1/cmtt/m/n/12 "mail://alice@wizards.net", "http://www.sharksystem.ne
t/alice.html"};[] 
 []


Overfull \hbox (29.9002pt too wide) in paragraph at lines 110--110
[]      \OT1/cmtt/m/n/12 String[] aliceSis = {"http://www.sharksystem.net/alice
.html"};[] 
 []


Overfull \hbox (48.42522pt too wide) in paragraph at lines 110--110
[]      \OT1/cmtt/m/n/12 "mail://bob@wizards.net", "http://www.sharksystem.net/
bob.html"};[] 
 []


Overfull \hbox (5.2002pt too wide) in paragraph at lines 110--110
[]      \OT1/cmtt/m/n/12 String[] bobSis = {"http://www.sharksystem.net/bob.htm
l"};[] 
 []


Overfull \hbox (79.30023pt too wide) in paragraph at lines 110--110
[]      \OT1/cmtt/m/n/12 PeerSemanticTag bob = InMemoSharkKB.createInMemoPeerSe
manticTag("Bob",[] 
 []


Overfull \hbox (79.30023pt too wide) in paragraph at lines 110--110
[]                                                      \OT1/cmtt/m/n/12 bobSis
, bobAddresses);[] 
 []


Overfull \hbox (29.9002pt too wide) in paragraph at lines 110--110
[]      \OT1/cmtt/m/n/12 //Profile is created where Alice is the creator and th
e target[] 
 []


Overfull \hbox (54.60022pt too wide) in paragraph at lines 110--110
[]      \OT1/cmtt/m/n/12 Profile aliceProfile = profileFactory.createProfile(al
ice, alice);[] 
 []


Overfull \hbox (17.5502pt too wide) in paragraph at lines 110--110
[]      \OT1/cmtt/m/n/12 //Profile is created where Bob is the creator and the 
target[] 
 []


Overfull \hbox (17.5502pt too wide) in paragraph at lines 110--110
[]      \OT1/cmtt/m/n/12 Profile bobProfile = profileFactory.createProfile(bob,
 bob);[] 
 []


Overfull \hbox (66.95023pt too wide) in paragraph at lines 110--110
[]      \OT1/cmtt/m/n/12 List<profile> aliceAndBobProfiles = profileFactory.get
AllProfiles();[] 
 []


Overfull \hbox (17.5502pt too wide) in paragraph at lines 110--110
[]      \OT1/cmtt/m/n/12 Profile aliceNew2 = profileFactory.getProfile(alice, a
lice);[] 
 []

[4]
LaTeX Font Info:    Try loading font information for OMS+cmr on input line 114.

 ("C:\Program Files\MiKTeX\tex\latex\base\omscmr.fd"
File: omscmr.fd 2014/09/29 v2.5h Standard LaTeX font definitions
)
LaTeX Font Info:    Font shape `OMS/cmr/m/n' in size <12> not available
(Font)              Font shape `OMS/cmsy/m/n' tried instead on input line 114.

Overfull \hbox (3.69987pt too wide) in paragraph at lines 116--117
[]\OT1/cmtt/m/n/12 Profile getProfile(PeerSemanticTag creator, PeerSemanticTag
 []


Overfull \hbox (36.07521pt too wide) in paragraph at lines 209--209
[]\OT1/cmtt/m/n/12 //Interface that contains String constants as identifiers fo
r entries[] 
 []

[5] [6]
Overfull \hbox (5.2002pt too wide) in paragraph at lines 209--209
[]    \OT1/cmtt/m/n/12 //Creates EMPLOYMENT entries and consecutively numbered 
them[] 
 []


Overfull \hbox (23.7252pt too wide) in paragraph at lines 209--209
[]    \OT1/cmtt/m/n/12 public void addEmployment(String employerName, String jo
bTitle,[] 
 []


Overfull \hbox (11.3752pt too wide) in paragraph at lines 209--209
[]        \OT1/cmtt/m/n/12 //A list of entries is created with parameters as co
ntent[] 
 []


Overfull \hbox (60.77522pt too wide) in paragraph at lines 209--209
[]        \OT1/cmtt/m/n/12 entryList.add(new EntryImpl<String>(EMPLOYERNAME, em
ployerName));[] 
 []


Overfull \hbox (11.3752pt too wide) in paragraph at lines 209--209
[]        \OT1/cmtt/m/n/12 entryList.add(new EntryImpl<String>(JOBTITLE, jobTit
le));[] 
 []


Overfull \hbox (5.2002pt too wide) in paragraph at lines 209--209
[]        \OT1/cmtt/m/n/12 entryList.add(new EntryImpl<Boolean>(CURRENT, curren
t));[] 
 []


Overfull \hbox (85.47523pt too wide) in paragraph at lines 209--209
[]        \OT1/cmtt/m/n/12 entryList.add(new EntryImpl<String>(JOBDESCRIPTION, 
jobDescription));[] 
 []


Overfull \hbox (73.12523pt too wide) in paragraph at lines 209--209
[]        \OT1/cmtt/m/n/12 int count = p.getSubEntry(WORK, EMPLOYMENTS).getEntr
yList().size();[] 
 []

[7]
Overfull \hbox (36.07521pt too wide) in paragraph at lines 356--356
[]\OT1/cmtt/m/n/12 //Interface that contains String constants as identifiers fo
r entries[] 
 []

[8]
Overfull \hbox (17.5502pt too wide) in paragraph at lines 356--356
[]    \OT1/cmtt/m/n/12 void setOccupation(String occupation) throws SharkKBExce
ption;[] 
 []

[9]
Overfull \hbox (79.30023pt too wide) in paragraph at lines 356--356
[]      \OT1/cmtt/m/n/12 public void setOccupation(String occupation) throws Sh
arkKBException {[] 
 []


Overfull \hbox (54.60022pt too wide) in paragraph at lines 356--356
[]        \OT1/cmtt/m/n/12 return (String) entry.getEntryFromList(OCCUPATION).g
etContent();[] 
 []


Overfull \hbox (29.9002pt too wide) in paragraph at lines 356--356
[]      \OT1/cmtt/m/n/12 public void setSkills(String skills) throws SharkKBExc
eption {[] 
 []


Overfull \hbox (29.9002pt too wide) in paragraph at lines 356--356
[]        \OT1/cmtt/m/n/12 return (String) entry.getEntryFromList(SKILLS).getCo
ntent();[] 
 []


Overfull \hbox (17.5502pt too wide) in paragraph at lines 356--356
[]      \OT1/cmtt/m/n/12 //Creates EMPLOYMENT entries and consecutively numbere
d them[] 
 []


Overfull \hbox (36.07521pt too wide) in paragraph at lines 356--356
[]      \OT1/cmtt/m/n/12 public void addEmployment(String employerName, String 
jobTitle,[] 
 []


Overfull \hbox (11.3752pt too wide) in paragraph at lines 356--356
[]        \OT1/cmtt/m/n/12 //A list of entries is created with parameters as co
ntent[] 
 []


Overfull \hbox (60.77522pt too wide) in paragraph at lines 356--356
[]        \OT1/cmtt/m/n/12 entryList.add(new EntryImpl<String>(EMPLOYERNAME, em
ployerName));[] 
 []


Overfull \hbox (11.3752pt too wide) in paragraph at lines 356--356
[]        \OT1/cmtt/m/n/12 entryList.add(new EntryImpl<String>(JOBTITLE, jobTit
le));[] 
 []

[10]
Overfull \hbox (5.2002pt too wide) in paragraph at lines 356--356
[]        \OT1/cmtt/m/n/12 entryList.add(new EntryImpl<Boolean>(CURRENT, curren
t));[] 
 []


Overfull \hbox (85.47523pt too wide) in paragraph at lines 356--356
[]        \OT1/cmtt/m/n/12 entryList.add(new EntryImpl<String>(JOBDESCRIPTION, 
jobDescription));[] 
 []


Overfull \hbox (73.12523pt too wide) in paragraph at lines 356--356
[]        \OT1/cmtt/m/n/12 int count = p.getSubEntry(WORK, EMPLOYMENTS).getEntr
yList().size();[] 
 []


Overfull \hbox (48.42522pt too wide) in paragraph at lines 356--356
[]        \OT1/cmtt/m/n/12 List<Entry<?>> entryList = (List<Entry<?>>) entry.ge
tContent();[] 
 []


Overfull \hbox (48.42522pt too wide) in paragraph at lines 356--356
[]        \OT1/cmtt/m/n/12 List<Entry<?>> entryList = (List<Entry<?>>) entry.ge
tContent();[] 
 []


Overfull \hbox (48.42522pt too wide) in paragraph at lines 356--356
[]        \OT1/cmtt/m/n/12 List<Entry<?>> entryList = (List<Entry<?>>) entry.ge
tContent();[] 
 []


Overfull \hbox (48.42522pt too wide) in paragraph at lines 356--356
[]        \OT1/cmtt/m/n/12 List<Entry<?>> entryList = (List<Entry<?>>) entry.ge
tContent();[] 
 []

[11]
Overfull \hbox (29.9002pt too wide) in paragraph at lines 356--356
[]      \OT1/cmtt/m/n/12 public Boolean getIsEmploymentCurrent(String employmen
tNumber)[] 
 []


Overfull \hbox (48.42522pt too wide) in paragraph at lines 356--356
[]        \OT1/cmtt/m/n/12 List<Entry<?>> entryList = (List<Entry<?>>) entry.ge
tContent();[] 
 []


Overfull \hbox (48.42522pt too wide) in paragraph at lines 356--356
[]        \OT1/cmtt/m/n/12 List<Entry<?>> entryList = (List<Entry<?>>) entry.ge
tContent();[] 
 []

[12] [13] (profile.aux) ) 
Here is how much of TeX's memory you used:
 240 strings out of 493673
 2820 string characters out of 3145587
 60455 words of memory out of 3000000
 3665 multiletter control sequences out of 15000+200000
 6796 words of font info for 25 fonts, out of 3000000 for 9000
 1025 hyphenation exceptions out of 8191
 22i,6n,19p,2190b,245s stack positions out of 5000i,500n,10000p,200000b,50000s
<C:/Program Files/MiKTeX/fonts/type1/public/amsfonts/c
m/cmbx12.pfb><C:/Program Files/MiKTeX/fonts/type1/public/amsfonts/cm/cmr12.pfb>
<C:/Program Files/MiKTeX/fonts/type1/public/amsfonts/cm/cmr17.pfb><C:/Program F
iles/MiKTeX/fonts/type1/public/amsfonts/cm/cmsy10.pfb><C:/Program Files/MiKTeX/
fonts/type1/public/amsfonts/cm/cmtt12.pfb>
Output written on profile.pdf (13 pages, 86491 bytes).
PDF statistics:
 65 PDF objects out of 1000 (max. 8388607)
 0 named destinations out of 1000 (max. 500000)
 1 words of extra memory for PDF output out of 10000 (max. 10000000)

